[2026-07-20T18:56:04.880+0000] {local_task_job_runner.py:123} INFO - ::group::Pre task execution logs
[2026-07-20T18:56:04.898+0000] {taskinstance.py:2612} INFO - Dependencies all met for dep_context=non-requeueable deps ti=<TaskInstance: logistics_pipeline.check_kafka manual__2026-07-20T18:56:01.082690+00:00 [queued]>
[2026-07-20T18:56:04.906+0000] {taskinstance.py:2612} INFO - Dependencies all met for dep_context=requeueable deps ti=<TaskInstance: logistics_pipeline.check_kafka manual__2026-07-20T18:56:01.082690+00:00 [queued]>
[2026-07-20T18:56:04.906+0000] {taskinstance.py:2865} INFO - Starting attempt 1 of 1
[2026-07-20T18:56:04.918+0000] {taskinstance.py:2888} INFO - Executing <Task(PythonOperator): check_kafka> on 2026-07-20 18:56:01.082690+00:00
[2026-07-20T18:56:04.926+0000] {standard_task_runner.py:72} INFO - Started process 196 to run task
[2026-07-20T18:56:04.930+0000] {standard_task_runner.py:104} INFO - Running: ['***', 'tasks', 'run', 'logistics_pipeline', 'check_kafka', 'manual__2026-07-20T18:56:01.082690+00:00', '--job-id', '16', '--raw', '--subdir', 'DAGS_FOLDER/logistics_pipeline.py', '--cfg-path', '/tmp/tmpzowj4f4u']
[2026-07-20T18:56:04.933+0000] {standard_task_runner.py:105} INFO - Job 16: Subtask check_kafka
[2026-07-20T18:56:05.003+0000] {task_command.py:467} INFO - Running <TaskInstance: logistics_pipeline.check_kafka manual__2026-07-20T18:56:01.082690+00:00 [running]> on host 1e888b8089a3
[2026-07-20T18:56:05.107+0000] {taskinstance.py:3131} INFO - Exporting env vars: AIRFLOW_CTX_DAG_OWNER='abhiraj' AIRFLOW_CTX_DAG_ID='logistics_pipeline' AIRFLOW_CTX_TASK_ID='check_kafka' AIRFLOW_CTX_EXECUTION_DATE='2026-07-20T18:56:01.082690+00:00' AIRFLOW_CTX_TRY_NUMBER='1' AIRFLOW_CTX_DAG_RUN_ID='manual__2026-07-20T18:56:01.082690+00:00'
[2026-07-20T18:56:05.108+0000] {taskinstance.py:731} INFO - ::endgroup::
[2026-07-20T18:56:05.135+0000] {taskinstance.py:3310} ERROR - Task failed with exception
Traceback (most recent call last):
  File "/opt/airflow/dags/logistics_pipeline.py", line 32, in check_kafka
    with socket.create_connection(("kafka", 9093), timeout=5):
         ^^^^^^
NameError: name 'socket' is not defined

During handling of the above exception, another exception occurred:

Traceback (most recent call last):
  File "/home/airflow/.local/lib/python3.11/site-packages/airflow/models/taskinstance.py", line 767, in _execute_task
    result = _execute_callable(context=context, **execute_callable_kwargs)
             ^^^^^^^^^^^^^^^^^^^^^^^^^^^^^^^^^^^^^^^^^^^^^^^^^^^^^^^^^^^^^
  File "/home/airflow/.local/lib/python3.11/site-packages/airflow/models/taskinstance.py", line 733, in _execute_callable
    return ExecutionCallableRunner(
           ^^^^^^^^^^^^^^^^^^^^^^^^
  File "/home/airflow/.local/lib/python3.11/site-packages/airflow/utils/operator_helpers.py", line 252, in run
    return self.func(*args, **kwargs)
           ^^^^^^^^^^^^^^^^^^^^^^^^^^
  File "/home/airflow/.local/lib/python3.11/site-packages/airflow/models/baseoperator.py", line 406, in wrapper
    return func(self, *args, **kwargs)
           ^^^^^^^^^^^^^^^^^^^^^^^^^^^
  File "/home/airflow/.local/lib/python3.11/site-packages/airflow/operators/python.py", line 238, in execute
    return_value = self.execute_callable()
                   ^^^^^^^^^^^^^^^^^^^^^^^
  File "/home/airflow/.local/lib/python3.11/site-packages/airflow/operators/python.py", line 256, in execute_callable
    return runner.run(*self.op_args, **self.op_kwargs)
           ^^^^^^^^^^^^^^^^^^^^^^^^^^^^^^^^^^^^^^^^^^^
  File "/home/airflow/.local/lib/python3.11/site-packages/airflow/utils/operator_helpers.py", line 252, in run
    return self.func(*args, **kwargs)
           ^^^^^^^^^^^^^^^^^^^^^^^^^^
  File "/opt/airflow/dags/logistics_pipeline.py", line 35, in check_kafka
    raise AirflowException(f"Kafka check failed: {e}")
airflow.exceptions.AirflowException: Kafka check failed: name 'socket' is not defined
[2026-07-20T18:56:05.150+0000] {taskinstance.py:1225} INFO - Marking task as FAILED. dag_id=logistics_pipeline, task_id=check_kafka, run_id=manual__2026-07-20T18:56:01.082690+00:00, execution_date=20260720T185601, start_date=20260720T185604, end_date=20260720T185605
[2026-07-20T18:56:05.159+0000] {taskinstance.py:340} INFO - ::group::Post task execution logs
[2026-07-20T18:56:05.160+0000] {standard_task_runner.py:124} ERROR - Failed to execute job 16 for task check_kafka (Kafka check failed: name 'socket' is not defined; 196)
Traceback (most recent call last):
  File "/opt/airflow/dags/logistics_pipeline.py", line 32, in check_kafka
    with socket.create_connection(("kafka", 9093), timeout=5):
         ^^^^^^
NameError: name 'socket' is not defined

During handling of the above exception, another exception occurred:

Traceback (most recent call last):
  File "/home/airflow/.local/lib/python3.11/site-packages/airflow/task/task_runner/standard_task_runner.py", line 117, in _start_by_fork
    ret = args.func(args, dag=self.dag)
          ^^^^^^^^^^^^^^^^^^^^^^^^^^^^^
  File "/home/airflow/.local/lib/python3.11/site-packages/airflow/cli/cli_config.py", line 49, in command
    return func(*args, **kwargs)
           ^^^^^^^^^^^^^^^^^^^^^
  File "/home/airflow/.local/lib/python3.11/site-packages/airflow/utils/cli.py", line 115, in wrapper
    return f(*args, **kwargs)
           ^^^^^^^^^^^^^^^^^^
  File "/home/airflow/.local/lib/python3.11/site-packages/airflow/cli/commands/task_command.py", line 483, in task_run
    task_return_code = _run_task_by_selected_method(args, _dag, ti)
                       ^^^^^^^^^^^^^^^^^^^^^^^^^^^^^^^^^^^^^^^^^^^^
  File "/home/airflow/.local/lib/python3.11/site-packages/airflow/cli/commands/task_command.py", line 256, in _run_task_by_selected_method
    return _run_raw_task(args, ti)
           ^^^^^^^^^^^^^^^^^^^^^^^
  File "/home/airflow/.local/lib/python3.11/site-packages/airflow/cli/commands/task_command.py", line 341, in _run_raw_task
    return ti._run_raw_task(
           ^^^^^^^^^^^^^^^^^
  File "/home/airflow/.local/lib/python3.11/site-packages/airflow/utils/session.py", line 97, in wrapper
    return func(*args, session=session, **kwargs)
           ^^^^^^^^^^^^^^^^^^^^^^^^^^^^^^^^^^^^^^
  File "/home/airflow/.local/lib/python3.11/site-packages/airflow/models/taskinstance.py", line 3004, in _run_raw_task
    return _run_raw_task(
           ^^^^^^^^^^^^^^
  File "/home/airflow/.local/lib/python3.11/site-packages/airflow/models/taskinstance.py", line 273, in _run_raw_task
    TaskInstance._execute_task_with_callbacks(
  File "/home/airflow/.local/lib/python3.11/site-packages/airflow/models/taskinstance.py", line 3158, in _execute_task_with_callbacks
    result = self._execute_task(context, task_orig)
             ^^^^^^^^^^^^^^^^^^^^^^^^^^^^^^^^^^^^^^
  File "/home/airflow/.local/lib/python3.11/site-packages/airflow/models/taskinstance.py", line 3182, in _execute_task
    return _execute_task(self, context, task_orig)
           ^^^^^^^^^^^^^^^^^^^^^^^^^^^^^^^^^^^^^^^
  File "/home/airflow/.local/lib/python3.11/site-packages/airflow/models/taskinstance.py", line 767, in _execute_task
    result = _execute_callable(context=context, **execute_callable_kwargs)
             ^^^^^^^^^^^^^^^^^^^^^^^^^^^^^^^^^^^^^^^^^^^^^^^^^^^^^^^^^^^^^
  File "/home/airflow/.local/lib/python3.11/site-packages/airflow/models/taskinstance.py", line 733, in _execute_callable
    return ExecutionCallableRunner(
           ^^^^^^^^^^^^^^^^^^^^^^^^
  File "/home/airflow/.local/lib/python3.11/site-packages/airflow/utils/operator_helpers.py", line 252, in run
    return self.func(*args, **kwargs)
           ^^^^^^^^^^^^^^^^^^^^^^^^^^
  File "/home/airflow/.local/lib/python3.11/site-packages/airflow/models/baseoperator.py", line 406, in wrapper
    return func(self, *args, **kwargs)
           ^^^^^^^^^^^^^^^^^^^^^^^^^^^
  File "/home/airflow/.local/lib/python3.11/site-packages/airflow/operators/python.py", line 238, in execute
    return_value = self.execute_callable()
                   ^^^^^^^^^^^^^^^^^^^^^^^
  File "/home/airflow/.local/lib/python3.11/site-packages/airflow/operators/python.py", line 256, in execute_callable
    return runner.run(*self.op_args, **self.op_kwargs)
           ^^^^^^^^^^^^^^^^^^^^^^^^^^^^^^^^^^^^^^^^^^^
  File "/home/airflow/.local/lib/python3.11/site-packages/airflow/utils/operator_helpers.py", line 252, in run
    return self.func(*args, **kwargs)
           ^^^^^^^^^^^^^^^^^^^^^^^^^^
  File "/opt/airflow/dags/logistics_pipeline.py", line 35, in check_kafka
    raise AirflowException(f"Kafka check failed: {e}")
airflow.exceptions.AirflowException: Kafka check failed: name 'socket' is not defined
[2026-07-20T18:56:05.189+0000] {local_task_job_runner.py:266} INFO - Task exited with return code 1
[2026-07-20T18:56:05.213+0000] {taskinstance.py:3900} INFO - 0 downstream tasks scheduled from follow-on schedule check
[2026-07-20T18:56:05.217+0000] {local_task_job_runner.py:245} INFO - ::endgroup::
